C51 COMPILER V9.01   DRVMCU                                                                08/18/2023 11:33:12 PAGE 1   


C51 COMPILER V9.01, COMPILATION OF MODULE DRVMCU
OBJECT MODULE PLACED IN .\obj\drvMcu.obj
COMPILER INVOKED BY: C:\Keil\C51\BIN\C51.EXE ..\..\DRIVER\drvMcu.c OPTIMIZE(SIZE) BROWSE INCDIR(..\..\DRIVER\INC;..\..\K
                    -ERNEL\SCALER\INC;..\..\KERNEL\SYSTEM\INC;..\..\LIB\INC;..\..\PANEL\INC;..\..\BOARD;..\..\DRIVER\INC;..\..\KERNEL\SYSTEM\
                    -INC\AOC2011;..\..\DRIVER\extDEVICE\INC;..\..\MODEL;..\..\CONFIG;..\..\PANEL;..\..\UI\F_LOGO\INC;..\..\UI\HkcOsd\INC) DEF
                    -INE(ModelName=JRY_TESTBOARD_C_BOARD) DEBUG OBJECTEXTEND PRINT(.\list\drvMcu.lst) OBJECT(.\obj\drvMcu.obj)

line level    source

   1          
   2          #include "global.h"
*** MESSAGE C320 IN LINE 337 OF ..\..\CONFIG\BOARD.H: "Please remember to disable the debug function!" 
   3          
   4          #if CHIP_ID == CHIP_TSUMU
              #include "drvMcu_U.c"
              #elif CHIP_ID == CHIP_TSUMV
              #include "drvMcu_V.c"
              #elif CHIP_ID == CHIP_TSUMY
              #include "drvMcu_Y.c"
              #elif CHIP_ID == CHIP_TSUMB
              #include "drvMcu_B.c"
              #elif CHIP_ID == CHIP_TSUM2
              #include "drvMcu_2.c"
              #elif CHIP_ID == CHIP_TSUMC
  15          #include "drvMcu_C.c"
  16          #elif CHIP_ID == CHIP_TSUMD
              #include "drvMcu_D.c"
              #elif CHIP_ID == CHIP_TSUM9
              #include "drvMcu_9.c"
              #elif CHIP_ID == CHIP_TSUMF
              #include "drvMcu_F.c"
              #else
              #message "please implement drvMcu for new chip"
              #endif


MODULE INFORMATION:   STATIC OVERLAYABLE
   CODE SIZE        =    952    ----
   CONSTANT SIZE    =     98    ----
   XDATA SIZE       =   ----      12
   PDATA SIZE       =   ----    ----
   DATA SIZE        =   ----      15
   IDATA SIZE       =   ----    ----
   BIT SIZE         =   ----    ----
END OF MODULE INFORMATION.


C51 COMPILATION COMPLETE.  0 WARNING(S),  0 ERROR(S)
