C51 COMPILER V9.01   APPMSTAR                                                              08/17/2023 10:55:19 PAGE 1   


C51 COMPILER V9.01, COMPILATION OF MODULE APPMSTAR
OBJECT MODULE PLACED IN .\obj\appmStar.obj
COMPILER INVOKED BY: C:\Keil\C51\BIN\C51.EXE ..\..\DRIVER\appmStar.c OPTIMIZE(SIZE) BROWSE INCDIR(..\..\DRIVER\INC;..\..
                    -\KERNEL\SCALER\INC;..\..\KERNEL\SYSTEM\INC;..\..\LIB\INC;..\..\PANEL\INC;..\..\BOARD;..\..\DRIVER\INC;..\..\KERNEL\SYSTE
                    -M\INC\AOC2011;..\..\DRIVER\extDEVICE\INC;..\..\MODEL;..\..\CONFIG;..\..\PANEL;..\..\UI\F_LOGO\INC;..\..\UI\HkcOsd\INC) D
                    -EFINE(ModelName=MODEL_T24_TCL) DEBUG OBJECTEXTEND PRINT(.\list\appmStar.lst) OBJECT(.\obj\appmStar.obj)

line level    source

   1          
   2          #include "global.h"
*** MESSAGE C320 IN LINE 337 OF ..\..\CONFIG\BOARD.H: "Please remember to disable the debug function!" 
   3          
   4          #if CHIP_ID == CHIP_TSUMU
              #include "appmStar_U.c"
              #elif CHIP_ID == CHIP_TSUMV
   7          #include "appmStar_V.c"
   8          #elif CHIP_ID == CHIP_TSUMY
              #include "appmStar_Y.c"
              #elif CHIP_ID == CHIP_TSUMB
              #include "appmStar_B.c"
              #elif CHIP_ID==CHIP_TSUM2
              #include "appmstar_2.c"
              #elif CHIP_ID==CHIP_TSUMC
              #include "appmstar_C.c"
              #elif CHIP_ID==CHIP_TSUMD
              #include "appmstar_D.c"
              #elif CHIP_ID==CHIP_TSUM9
              #include "appmstar_9.c"
              #elif CHIP_ID==CHIP_TSUMF
              #include "appmstar_F.c"
              
              #else
              #message "please implement appmStar for new chip"
              #endif
  26          


MODULE INFORMATION:   STATIC OVERLAYABLE
   CODE SIZE        =   1666    ----
   CONSTANT SIZE    =   ----    ----
   XDATA SIZE       =   ----       6
   PDATA SIZE       =   ----    ----
   DATA SIZE        =   ----      16
   IDATA SIZE       =   ----    ----
   BIT SIZE         =   ----    ----
END OF MODULE INFORMATION.


C51 COMPILATION COMPLETE.  0 WARNING(S),  0 ERROR(S)
