C51 COMPILER V9.01   DRVDAC                                                                08/17/2023 10:55:17 PAGE 1   


C51 COMPILER V9.01, COMPILATION OF MODULE DRVDAC
OBJECT MODULE PLACED IN .\obj\drvDAC.obj
COMPILER INVOKED BY: C:\Keil\C51\BIN\C51.EXE ..\..\DRIVER\drvDAC.c OPTIMIZE(SIZE) BROWSE INCDIR(..\..\DRIVER\INC;..\..\K
                    -ERNEL\SCALER\INC;..\..\KERNEL\SYSTEM\INC;..\..\LIB\INC;..\..\PANEL\INC;..\..\BOARD;..\..\DRIVER\INC;..\..\KERNEL\SYSTEM\
                    -INC\AOC2011;..\..\DRIVER\extDEVICE\INC;..\..\MODEL;..\..\CONFIG;..\..\PANEL;..\..\UI\F_LOGO\INC;..\..\UI\HkcOsd\INC) DEF
                    -INE(ModelName=MODEL_T24_TCL) DEBUG OBJECTEXTEND PRINT(.\list\drvDAC.lst) OBJECT(.\obj\drvDAC.obj)

line level    source

   1          
   2          #include "global.h"
*** MESSAGE C320 IN LINE 337 OF ..\..\CONFIG\BOARD.H: "Please remember to disable the debug function!" 
   3          #if MS_DAC
              
                  #if (CHIP_ID == CHIP_TSUMU ||CHIP_ID == CHIP_TSUMY || CHIP_ID == CHIP_TSUMB || CHIP_ID == CHIP_TSUM2)
                  #include "drvDAC_OLD.c"
                  #elif (CHIP_ID == CHIP_TSUMC || CHIP_ID == CHIP_TSUMD)
                  #include "drvDAC_C.c"
                  #elif (CHIP_ID == CHIP_TSUM9)||(CHIP_ID == CHIP_TSUMF)
                  #include "drvDAC_9.c"
                  #elif (CHIP_ID == CHIP_TSUMV || CHIP_ID == CHIP_TSUMY)
                  #else
                  #message "please implement DrvDAC for new chip"
                  #endif
              
              #endif


MODULE INFORMATION:   STATIC OVERLAYABLE
   CODE SIZE        =   ----    ----
   CONSTANT SIZE    =   ----    ----
   XDATA SIZE       =   ----    ----
   PDATA SIZE       =   ----    ----
   DATA SIZE        =   ----    ----
   IDATA SIZE       =   ----    ----
   BIT SIZE         =   ----    ----
END OF MODULE INFORMATION.


C51 COMPILATION COMPLETE.  0 WARNING(S),  0 ERROR(S)
