C51 COMPILER V9.01   DRVDPRXAPP                                                            08/17/2023 10:55:18 PAGE 1   


C51 COMPILER V9.01, COMPILATION OF MODULE DRVDPRXAPP
OBJECT MODULE PLACED IN .\obj\drvDPRxApp.obj
COMPILER INVOKED BY: C:\Keil\C51\BIN\C51.EXE ..\..\DRIVER\drvDPRxApp.c OPTIMIZE(SIZE) BROWSE INCDIR(..\..\DRIVER\INC;..\
                    -..\KERNEL\SCALER\INC;..\..\KERNEL\SYSTEM\INC;..\..\LIB\INC;..\..\PANEL\INC;..\..\BOARD;..\..\DRIVER\INC;..\..\KERNEL\SYS
                    -TEM\INC\AOC2011;..\..\DRIVER\extDEVICE\INC;..\..\MODEL;..\..\CONFIG;..\..\PANEL;..\..\UI\F_LOGO\INC;..\..\UI\HkcOsd\INC)
                    - DEFINE(ModelName=MODEL_T24_TCL) DEBUG OBJECTEXTEND PRINT(.\list\drvDPRxApp.lst) OBJECT(.\obj\drvDPRxApp.obj)

line level    source

   1          
   2          #include "global.h"
*** MESSAGE C320 IN LINE 337 OF ..\..\CONFIG\BOARD.H: "Please remember to disable the debug function!" 
   3          
   4          #if CHIP_ID == CHIP_TSUMU
              #include "drvDPRxApp_U.c"
              #elif CHIP_ID == CHIP_TSUMC
              #include "drvDPRxApp_C.c"
              #elif CHIP_ID == CHIP_TSUMD
              #include "drvDPRxApp_C.c"
              #elif (CHIP_ID == CHIP_TSUM9||CHIP_ID == CHIP_TSUMF)
              #include "drvDPRxApp_9.c"
              #elif CHIP_ID == CHIP_TSUML||CHIP_ID == CHIP_TSUMB||CHIP_ID == CHIP_TSUMY||CHIP_ID == CHIP_TSUMV||CHIP_ID 
             -== CHIP_TSUM2
  13          
  14          #else
              #message "please implement drvDPRxApp for new chip"
              #endif
  17          
  18          


MODULE INFORMATION:   STATIC OVERLAYABLE
   CODE SIZE        =   ----    ----
   CONSTANT SIZE    =   ----    ----
   XDATA SIZE       =   ----    ----
   PDATA SIZE       =   ----    ----
   DATA SIZE        =   ----    ----
   IDATA SIZE       =   ----    ----
   BIT SIZE         =   ----    ----
END OF MODULE INFORMATION.


C51 COMPILATION COMPLETE.  0 WARNING(S),  0 ERROR(S)
