C51 COMPILER V9.01   DRVDDC2BI                                                             08/17/2023 10:55:13 PAGE 1   


C51 COMPILER V9.01, COMPILATION OF MODULE DRVDDC2BI
OBJECT MODULE PLACED IN .\obj\drvDDC2Bi.obj
COMPILER INVOKED BY: C:\Keil\C51\BIN\C51.EXE ..\..\DRIVER\drvDDC2Bi.c OPTIMIZE(SIZE) BROWSE INCDIR(..\..\DRIVER\INC;..\.
                    -.\KERNEL\SCALER\INC;..\..\KERNEL\SYSTEM\INC;..\..\LIB\INC;..\..\PANEL\INC;..\..\BOARD;..\..\DRIVER\INC;..\..\KERNEL\SYST
                    -EM\INC\AOC2011;..\..\DRIVER\extDEVICE\INC;..\..\MODEL;..\..\CONFIG;..\..\PANEL;..\..\UI\F_LOGO\INC;..\..\UI\HkcOsd\INC) 
                    -DEFINE(ModelName=MODEL_T24_TCL) DEBUG OBJECTEXTEND PRINT(.\list\drvDDC2Bi.lst) OBJECT(.\obj\drvDDC2Bi.obj)

line level    source

   1          
   2          #include "global.h"
*** MESSAGE C320 IN LINE 337 OF ..\..\CONFIG\BOARD.H: "Please remember to disable the debug function!" 
   3          
   4          #if CHIP_ID == CHIP_TSUMC || CHIP_ID == CHIP_TSUMD
              #include "drvDDC2Bi_C.c"
              #elif CHIP_ID == CHIP_TSUM9 ||CHIP_ID == CHIP_TSUMF
              #include "drvDDC2Bi_9.c"
              #else // CHIP_TSUMU, CHIP_TSUMV, CHIP_TSUMY, CHIP_TSUMB, CHIP_TSUM2
   9          #include "drvDDC2Bi_.c"
  10          #endif


MODULE INFORMATION:   STATIC OVERLAYABLE
   CODE SIZE        =    711    ----
   CONSTANT SIZE    =      6    ----
   XDATA SIZE       =     58    ----
   PDATA SIZE       =   ----    ----
   DATA SIZE        =      3       3
   IDATA SIZE       =   ----    ----
   BIT SIZE         =   ----    ----
END OF MODULE INFORMATION.


C51 COMPILATION COMPLETE.  0 WARNING(S),  0 ERROR(S)
