C51 COMPILER V9.01   DRVMSTAR                                                              08/17/2023 10:55:06 PAGE 1   


C51 COMPILER V9.01, COMPILATION OF MODULE DRVMSTAR
OBJECT MODULE PLACED IN .\obj\drvmStar.obj
COMPILER INVOKED BY: C:\Keil\C51\BIN\C51.EXE ..\..\DRIVER\drvmStar.c OPTIMIZE(SIZE) BROWSE INCDIR(..\..\DRIVER\INC;..\..
                    -\KERNEL\SCALER\INC;..\..\KERNEL\SYSTEM\INC;..\..\LIB\INC;..\..\PANEL\INC;..\..\BOARD;..\..\DRIVER\INC;..\..\KERNEL\SYSTE
                    -M\INC\AOC2011;..\..\DRIVER\extDEVICE\INC;..\..\MODEL;..\..\CONFIG;..\..\PANEL;..\..\UI\F_LOGO\INC;..\..\UI\HkcOsd\INC) D
                    -EFINE(ModelName=MODEL_T24_TCL) DEBUG OBJECTEXTEND PRINT(.\list\drvmStar.lst) OBJECT(.\obj\drvmStar.obj)

line level    source

   1          
   2          #include "global.h"
*** MESSAGE C320 IN LINE 337 OF ..\..\CONFIG\BOARD.H: "Please remember to disable the debug function!" 
   3          #if CHIP_ID == CHIP_TSUMU
              #include "drvmStar_U.c"
              #elif CHIP_ID == CHIP_TSUMV
   6          #include "drvmStar_V.c"
   7          #elif CHIP_ID == CHIP_TSUMY
              #include "drvmStar_Y.c"
              #elif CHIP_ID == CHIP_TSUMB
              #include "drvmStar_B.c"
              #elif CHIP_ID==CHIP_TSUM2
              #include "drvmStar_2.c"
              #elif CHIP_ID==CHIP_TSUMC
              #include "drvmStar_C.c"
              #elif CHIP_ID==CHIP_TSUMD
              #include "drvmStar_D.c"
              #elif CHIP_ID==CHIP_TSUM9
              #include "drvmStar_9.c"
              #elif CHIP_ID==CHIP_TSUMF
              #include "drvmStar_F.c"
              #else
              #message "please implement drvmStar for new chip"
              #endif
  24          


MODULE INFORMATION:   STATIC OVERLAYABLE
   CODE SIZE        =   2599    ----
   CONSTANT SIZE    =    338    ----
   XDATA SIZE       =   ----      12
   PDATA SIZE       =   ----    ----
   DATA SIZE        =   ----      43
   IDATA SIZE       =   ----    ----
   BIT SIZE         =   ----    ----
END OF MODULE INFORMATION.


C51 COMPILATION COMPLETE.  0 WARNING(S),  0 ERROR(S)
